<?xml version="1.0" encoding="UTF-8"?>
<testng-results ignored="0" total="2" passed="2" failed="0" skipped="0">
  <reporter-output>
  </reporter-output>
  <suite started-at="2023-01-11T06:48:08 IST" name="Default suite" finished-at="2023-01-11T06:50:12 IST" duration-ms="123041">
    <groups>
    </groups>
    <test started-at="2023-01-11T06:48:08 IST" name="Default test" finished-at="2023-01-11T06:50:12 IST" duration-ms="123041">
      <class name="TestScripts.Day2_DashboardTest">
        <test-method is-config="true" signature="setup()[pri:0, instance:TestScripts.Day2_DashboardTest@5c33f1a9]" started-at="2023-01-11T06:48:09 IST" name="setup" finished-at="2023-01-11T06:48:56 IST" duration-ms="47691" status="PASS">
          <reporter-output>
          </reporter-output>
        </test-method> <!-- setup -->
        <test-method signature="loginTest()[pri:1, instance:TestScripts.Day2_DashboardTest@5c33f1a9]" started-at="2023-01-11T06:48:56 IST" name="loginTest" finished-at="2023-01-11T06:49:00 IST" duration-ms="4099" status="PASS">
          <reporter-output>
          </reporter-output>
        </test-method> <!-- loginTest -->
        <test-method signature="DashBoardTest()[pri:2, instance:TestScripts.Day2_DashboardTest@5c33f1a9]" started-at="2023-01-11T06:49:01 IST" name="DashBoardTest" finished-at="2023-01-11T06:50:10 IST" duration-ms="69388" status="PASS">
          <reporter-output>
          </reporter-output>
        </test-method> <!-- DashBoardTest -->
        <test-method is-config="true" signature="afterTest()[pri:0, instance:TestScripts.Day2_DashboardTest@5c33f1a9]" started-at="2023-01-11T06:50:10 IST" name="afterTest" finished-at="2023-01-11T06:50:12 IST" duration-ms="1477" status="PASS">
          <reporter-output>
          </reporter-output>
        </test-method> <!-- afterTest -->
      </class> <!-- TestScripts.Day2_DashboardTest -->
    </test> <!-- Default test -->
  </suite> <!-- Default suite -->
</testng-results>
